<?xml version="1.0" encoding="UTF-8"?>
<!-- Generated by org.testng.reporters.JUnitXMLReporter -->
<testsuite hostname="DESKTOP-L2HDGSV" ignored="0" name="Run on Chrome" tests="3" failures="0" timestamp="13 May 2021 18:05:09 GMT" time="0.078" errors="0">
  <testcase name="TC_01_Register_Empty_Data" time="0.009" classname="com.nopcommerces.user.User_01_Register_Login"/>
  <testcase name="TC_02_Invalid_Email" time="0.002" classname="com.nopcommerces.user.User_01_Register_Login"/>
  <testcase name="TC_03_Register_" time="0.004" classname="com.nopcommerces.user.User_01_Register_Login"/>
</testsuite> <!-- Run on Chrome -->
