<?xml version="1.0" encoding="UTF-8"?>
<!-- Generated by org.testng.reporters.JUnitXMLReporter -->
<testsuite ignored="0" hostname="DESKTOP-F14RTS8" failures="0" tests="3" name="Run on Chrome" time="4.638" errors="0" timestamp="08 Jul 2022 03:19:43 GMT">
  <testcase classname="com.nopcommerces.user.User_01_Register_Login" name="TC_01_Register_Empty_Data" time="0.005"/>
  <testcase classname="com.nopcommerces.user.User_01_Register_Login" name="TC_02_Invalid_Email" time="0.001"/>
  <testcase classname="com.nopcommerces.user.User_01_Register_Login" name="TC_03_Register_" time="0.001"/>
</testsuite> <!-- Run on Chrome -->
